<?xml version="1.0" encoding="UTF-8"?>
<coverage generated="1648299377215" clover="3.2.0">
  <project timestamp="1648299377215" name="All files">
    <metrics statements="5" coveredstatements="5" conditionals="0" coveredconditionals="0" methods="4" coveredmethods="4" elements="9" coveredelements="9" complexity="0" loc="5" ncloc="5" packages="4" files="4" classes="4"/>
    <package name="App">
      <metrics statements="2" coveredstatements="2" conditionals="0" coveredconditionals="0" methods="1" coveredmethods="1"/>
      <file name="App.tsx" path="/Users/ivan/websites/work/client/src/App/App.tsx">
        <metrics statements="2" coveredstatements="2" conditionals="0" coveredconditionals="0" methods="1" coveredmethods="1"/>
        <line num="18" count="2" type="stmt"/>
        <line num="23" count="2" type="stmt"/>
      </file>
    </package>
    <package name="Header">
      <metrics statements="1" coveredstatements="1" conditionals="0" coveredconditionals="0" methods="1" coveredmethods="1"/>
      <file name="Header.tsx" path="/Users/ivan/websites/work/client/src/Header/Header.tsx">
        <metrics statements="1" coveredstatements="1" conditionals="0" coveredconditionals="0" methods="1" coveredmethods="1"/>
        <line num="1" count="1" type="stmt"/>
      </file>
    </package>
    <package name="Sidebar">
      <metrics statements="1" coveredstatements="1" conditionals="0" coveredconditionals="0" methods="1" coveredmethods="1"/>
      <file name="Sidebar.tsx" path="/Users/ivan/websites/work/client/src/Sidebar/Sidebar.tsx">
        <metrics statements="1" coveredstatements="1" conditionals="0" coveredconditionals="0" methods="1" coveredmethods="1"/>
        <line num="1" count="1" type="stmt"/>
      </file>
    </package>
    <package name="WorkingPanel">
      <metrics statements="1" coveredstatements="1" conditionals="0" coveredconditionals="0" methods="1" coveredmethods="1"/>
      <file name="WorkingPanel.tsx" path="/Users/ivan/websites/work/client/src/WorkingPanel/WorkingPanel.tsx">
        <metrics statements="1" coveredstatements="1" conditionals="0" coveredconditionals="0" methods="1" coveredmethods="1"/>
        <line num="1" count="1" type="stmt"/>
      </file>
    </package>
  </project>
</coverage>
