{"/Users/ivan/websites/work/client/TestHelpers/domManipulators.ts": {"path":"/Users/ivan/websites/work/client/TestHelpers/domManipulators.ts","statementMap":{"0":{"start":{"line":2,"column":31},"end":{"line":8,"column":1}},"1":{"start":{"line":3,"column":20},"end":{"line":3,"column":49}},"2":{"start":{"line":4,"column":2},"end":{"line":7,"column":4}},"3":{"start":{"line":5,"column":27},"end":{"line":5,"column":64}}},"fnMap":{"0":{"name":"(anonymous_0)","decl":{"start":{"line":2,"column":31},"end":{"line":2,"column":32}},"loc":{"start":{"line":2,"column":37},"end":{"line":8,"column":1}},"line":2},"1":{"name":"(anonymous_1)","decl":{"start":{"line":5,"column":12},"end":{"line":5,"column":13}},"loc":{"start":{"line":5,"column":27},"end":{"line":5,"column":64}},"line":5}},"branchMap":{},"s":{"0":2,"1":5,"2":5,"3":5},"f":{"0":5,"1":5},"b":{},"_coverageSchema":"1a1c01bbd47fc00a2c39e90264f33305004495a9","hash":"c5e8a38a7746add45bdbcb7f8bee11d8107f7caf"}
,"/Users/ivan/websites/work/client/assets/Icons/Caret.tsx": {"path":"/Users/ivan/websites/work/client/assets/Icons/Caret.tsx","statementMap":{"0":{"start":{"line":3,"column":20},"end":{"line":16,"column":1}},"1":{"start":{"line":4,"column":2},"end":{"line":15,"column":8}},"2":{"start":{"line":22,"column":21},"end":{"line":51,"column":1}},"3":{"start":{"line":23,"column":15},"end":{"line":23,"column":30}},"4":{"start":{"line":24,"column":23},"end":{"line":48,"column":3}},"5":{"start":{"line":25,"column":4},"end":{"line":47,"column":5}},"6":{"start":{"line":27,"column":8},"end":{"line":31,"column":10}},"7":{"start":{"line":33,"column":8},"end":{"line":37,"column":10}},"8":{"start":{"line":39,"column":8},"end":{"line":43,"column":10}},"9":{"start":{"line":45,"column":8},"end":{"line":45,"column":14}},"10":{"start":{"line":46,"column":8},"end":{"line":46,"column":14}},"11":{"start":{"line":50,"column":2},"end":{"line":50,"column":35}}},"fnMap":{"0":{"name":"(anonymous_0)","decl":{"start":{"line":3,"column":20},"end":{"line":3,"column":21}},"loc":{"start":{"line":4,"column":2},"end":{"line":15,"column":8}},"line":4},"1":{"name":"(anonymous_1)","decl":{"start":{"line":22,"column":21},"end":{"line":22,"column":22}},"loc":{"start":{"line":22,"column":43},"end":{"line":51,"column":1}},"line":22},"2":{"name":"(anonymous_2)","decl":{"start":{"line":24,"column":23},"end":{"line":24,"column":24}},"loc":{"start":{"line":24,"column":40},"end":{"line":48,"column":3}},"line":24}},"branchMap":{"0":{"loc":{"start":{"line":25,"column":4},"end":{"line":47,"column":5}},"type":"switch","locations":[{"start":{"line":26,"column":6},"end":{"line":31,"column":10}},{"start":{"line":32,"column":6},"end":{"line":37,"column":10}},{"start":{"line":38,"column":6},"end":{"line":43,"column":10}},{"start":{"line":44,"column":6},"end":{"line":46,"column":14}}],"line":25}},"s":{"0":1,"1":0,"2":1,"3":1,"4":1,"5":1,"6":0,"7":0,"8":1,"9":0,"10":0,"11":1},"f":{"0":0,"1":1,"2":1},"b":{"0":[0,0,1,0]},"_coverageSchema":"1a1c01bbd47fc00a2c39e90264f33305004495a9","hash":"3b69c063faddd204b1dcd73cd1d2ab8cd7c813d0"}
,"/Users/ivan/websites/work/client/src/App/App.tsx": {"path":"/Users/ivan/websites/work/client/src/App/App.tsx","statementMap":{"0":{"start":{"line":8,"column":19},"end":{"line":33,"column":1}},"1":{"start":{"line":13,"column":2},"end":{"line":32,"column":4}}},"fnMap":{"0":{"name":"(anonymous_0)","decl":{"start":{"line":8,"column":19},"end":{"line":8,"column":20}},"loc":{"start":{"line":8,"column":25},"end":{"line":33,"column":1}},"line":8}},"branchMap":{},"s":{"0":2,"1":2},"f":{"0":2},"b":{},"_coverageSchema":"1a1c01bbd47fc00a2c39e90264f33305004495a9","hash":"85a4a628e105b6dceb20b773b61de031857b623c"}
,"/Users/ivan/websites/work/client/src/Avatar/Avatar.tsx": {"path":"/Users/ivan/websites/work/client/src/Avatar/Avatar.tsx","statementMap":{"0":{"start":{"line":5,"column":22},"end":{"line":10,"column":1}},"1":{"start":{"line":6,"column":2},"end":{"line":9,"column":8}}},"fnMap":{"0":{"name":"(anonymous_0)","decl":{"start":{"line":5,"column":22},"end":{"line":5,"column":23}},"loc":{"start":{"line":6,"column":2},"end":{"line":9,"column":8}},"line":6}},"branchMap":{},"s":{"0":1,"1":1},"f":{"0":1},"b":{},"_coverageSchema":"1a1c01bbd47fc00a2c39e90264f33305004495a9","hash":"b3810ff6af202af2cbbc16fb91df9a83944befc6"}
,"/Users/ivan/websites/work/client/src/Avatar/Icon.tsx": {"path":"/Users/ivan/websites/work/client/src/Avatar/Icon.tsx","statementMap":{"0":{"start":{"line":3,"column":26},"end":{"line":40,"column":1}},"1":{"start":{"line":4,"column":2},"end":{"line":39,"column":4}}},"fnMap":{"0":{"name":"(anonymous_0)","decl":{"start":{"line":3,"column":26},"end":{"line":3,"column":27}},"loc":{"start":{"line":3,"column":32},"end":{"line":40,"column":1}},"line":3}},"branchMap":{},"s":{"0":1,"1":1},"f":{"0":1},"b":{},"_coverageSchema":"1a1c01bbd47fc00a2c39e90264f33305004495a9","hash":"4f7f53615362c424a769c6497f6924a35e16d2d7"}
,"/Users/ivan/websites/work/client/src/Header/Header.tsx": {"path":"/Users/ivan/websites/work/client/src/Header/Header.tsx","statementMap":{"0":{"start":{"line":3,"column":22},"end":{"line":3,"column":58}},"1":{"start":{"line":3,"column":28},"end":{"line":3,"column":58}}},"fnMap":{"0":{"name":"(anonymous_0)","decl":{"start":{"line":3,"column":22},"end":{"line":3,"column":23}},"loc":{"start":{"line":3,"column":28},"end":{"line":3,"column":58}},"line":3}},"branchMap":{},"s":{"0":2,"1":3},"f":{"0":3},"b":{},"_coverageSchema":"1a1c01bbd47fc00a2c39e90264f33305004495a9","hash":"6996143e2dedebd4ee52a923294dd1202b7b764d"}
,"/Users/ivan/websites/work/client/src/Sidebar/Sidebar.tsx": {"path":"/Users/ivan/websites/work/client/src/Sidebar/Sidebar.tsx","statementMap":{"0":{"start":{"line":4,"column":23},"end":{"line":4,"column":67}},"1":{"start":{"line":4,"column":29},"end":{"line":4,"column":67}}},"fnMap":{"0":{"name":"(anonymous_0)","decl":{"start":{"line":4,"column":23},"end":{"line":4,"column":24}},"loc":{"start":{"line":4,"column":29},"end":{"line":4,"column":67}},"line":4}},"branchMap":{},"s":{"0":2,"1":3},"f":{"0":3},"b":{},"_coverageSchema":"1a1c01bbd47fc00a2c39e90264f33305004495a9","hash":"844f599db42c551b6fa6ca8a84a95bd142ce1857"}
,"/Users/ivan/websites/work/client/src/WorkingPanel/WorkingPanel.tsx": {"path":"/Users/ivan/websites/work/client/src/WorkingPanel/WorkingPanel.tsx","statementMap":{"0":{"start":{"line":3,"column":28},"end":{"line":3,"column":83}},"1":{"start":{"line":3,"column":34},"end":{"line":3,"column":83}}},"fnMap":{"0":{"name":"(anonymous_0)","decl":{"start":{"line":3,"column":28},"end":{"line":3,"column":29}},"loc":{"start":{"line":3,"column":34},"end":{"line":3,"column":83}},"line":3}},"branchMap":{},"s":{"0":2,"1":3},"f":{"0":3},"b":{},"_coverageSchema":"1a1c01bbd47fc00a2c39e90264f33305004495a9","hash":"d07dfd58a78c46b4a257da91ce0315ad71bd21ce"}
}
