{"/Users/ivan/websites/work/client/src/App/App.tsx": {"path":"/Users/ivan/websites/work/client/src/App/App.tsx","statementMap":{"0":{"start":{"line":18,"column":19},"end":{"line":41,"column":1}},"1":{"start":{"line":23,"column":2},"end":{"line":40,"column":4}}},"fnMap":{"0":{"name":"(anonymous_0)","decl":{"start":{"line":18,"column":19},"end":{"line":18,"column":20}},"loc":{"start":{"line":18,"column":25},"end":{"line":41,"column":1}},"line":18}},"branchMap":{},"s":{"0":2,"1":2},"f":{"0":2},"b":{},"_coverageSchema":"1a1c01bbd47fc00a2c39e90264f33305004495a9","hash":"58111c0ce500781281f0de7585b6b90c29aaefa1"}
,"/Users/ivan/websites/work/client/src/Header/Header.tsx": {"path":"/Users/ivan/websites/work/client/src/Header/Header.tsx","statementMap":{"0":{"start":{"line":1,"column":22},"end":{"line":1,"column":39}},"1":{"start":{"line":1,"column":28},"end":{"line":1,"column":39}}},"fnMap":{"0":{"name":"(anonymous_0)","decl":{"start":{"line":1,"column":22},"end":{"line":1,"column":23}},"loc":{"start":{"line":1,"column":28},"end":{"line":1,"column":39}},"line":1}},"branchMap":{},"s":{"0":1,"1":1},"f":{"0":1},"b":{},"_coverageSchema":"1a1c01bbd47fc00a2c39e90264f33305004495a9","hash":"f17b3b8444c8260dc1085422c1be8923d4d20571"}
,"/Users/ivan/websites/work/client/src/Sidebar/Sidebar.tsx": {"path":"/Users/ivan/websites/work/client/src/Sidebar/Sidebar.tsx","statementMap":{"0":{"start":{"line":1,"column":23},"end":{"line":1,"column":40}},"1":{"start":{"line":1,"column":29},"end":{"line":1,"column":40}}},"fnMap":{"0":{"name":"(anonymous_0)","decl":{"start":{"line":1,"column":23},"end":{"line":1,"column":24}},"loc":{"start":{"line":1,"column":29},"end":{"line":1,"column":40}},"line":1}},"branchMap":{},"s":{"0":1,"1":1},"f":{"0":1},"b":{},"_coverageSchema":"1a1c01bbd47fc00a2c39e90264f33305004495a9","hash":"0b5c3ab14689cf1633eecd102c1b741131e3dc9f"}
,"/Users/ivan/websites/work/client/src/WorkingPanel/WorkingPanel.tsx": {"path":"/Users/ivan/websites/work/client/src/WorkingPanel/WorkingPanel.tsx","statementMap":{"0":{"start":{"line":1,"column":28},"end":{"line":1,"column":45}},"1":{"start":{"line":1,"column":34},"end":{"line":1,"column":45}}},"fnMap":{"0":{"name":"(anonymous_0)","decl":{"start":{"line":1,"column":28},"end":{"line":1,"column":29}},"loc":{"start":{"line":1,"column":34},"end":{"line":1,"column":45}},"line":1}},"branchMap":{},"s":{"0":1,"1":1},"f":{"0":1},"b":{},"_coverageSchema":"1a1c01bbd47fc00a2c39e90264f33305004495a9","hash":"f549be190d6d93f9ba0bf4704262bbcfb87b1935"}
}
