TN:
SF:TestHelpers/domManipulators.ts
FN:2,(anonymous_0)
FN:5,(anonymous_1)
FNF:2
FNH:2
FNDA:14,(anonymous_0)
FNDA:13,(anonymous_1)
DA:2,3
DA:3,14
DA:4,14
DA:5,13
LF:4
LH:4
BRF:0
BRH:0
end_of_record
TN:
SF:src/App/App.tsx
FN:8,(anonymous_0)
FNF:1
FNH:1
FNDA:2,(anonymous_0)
DA:8,2
DA:9,2
DA:17,2
LF:3
LH:3
BRF:0
BRH:0
end_of_record
TN:
SF:src/Header/Header.tsx
FN:4,(anonymous_0)
FNF:1
FNH:1
FNDA:3,(anonymous_0)
DA:4,2
DA:5,3
LF:2
LH:2
BRF:0
BRH:0
end_of_record
TN:
SF:src/Login/Login.tsx
FN:7,loginUser
FN:14,(anonymous_1)
FN:17,(anonymous_2)
FN:20,(anonymous_3)
FNF:4
FNH:1
FNDA:0,loginUser
FNDA:0,(anonymous_1)
FNDA:11,(anonymous_2)
FNDA:0,(anonymous_3)
DA:8,0
DA:14,0
DA:17,2
DA:18,11
DA:19,9
DA:20,9
DA:21,0
DA:22,0
DA:26,0
DA:28,9
DA:41,2
LF:11
LH:6
BRF:0
BRH:0
end_of_record
TN:
SF:src/Sidebar/Sidebar.tsx
FN:4,(anonymous_0)
FNF:1
FNH:1
FNDA:3,(anonymous_0)
DA:4,3
LF:1
LH:1
BRF:0
BRH:0
end_of_record
TN:
SF:src/WorkingPanel/WorkingPanel.tsx
FN:3,(anonymous_0)
FNF:1
FNH:1
FNDA:3,(anonymous_0)
DA:3,2
DA:18,3
LF:2
LH:2
BRF:0
BRH:0
end_of_record
