TN:
SF:TestHelpers/domManipulators.ts
FN:2,(anonymous_0)
FN:5,(anonymous_1)
FNF:2
FNH:2
FNDA:5,(anonymous_0)
FNDA:5,(anonymous_1)
DA:2,2
DA:3,5
DA:4,5
DA:5,5
LF:4
LH:4
BRF:0
BRH:0
end_of_record
TN:
SF:assets/Icons/Caret.tsx
FN:3,(anonymous_0)
FN:22,(anonymous_1)
FN:24,(anonymous_2)
FNF:3
FNH:2
FNDA:0,(anonymous_0)
FNDA:1,(anonymous_1)
FNDA:1,(anonymous_2)
DA:3,1
DA:4,0
DA:22,1
DA:23,1
DA:24,1
DA:25,1
DA:27,0
DA:33,0
DA:39,1
DA:45,0
DA:46,0
DA:50,1
LF:12
LH:7
BRDA:25,0,0,0
BRDA:25,0,1,0
BRDA:25,0,2,1
BRDA:25,0,3,0
BRF:4
BRH:1
end_of_record
TN:
SF:src/App/App.tsx
FN:8,(anonymous_0)
FNF:1
FNH:1
FNDA:2,(anonymous_0)
DA:8,2
DA:13,2
LF:2
LH:2
BRF:0
BRH:0
end_of_record
TN:
SF:src/Avatar/Avatar.tsx
FN:5,(anonymous_0)
FNF:1
FNH:1
FNDA:1,(anonymous_0)
DA:5,1
DA:6,1
LF:2
LH:2
BRF:0
BRH:0
end_of_record
TN:
SF:src/Avatar/Icon.tsx
FN:3,(anonymous_0)
FNF:1
FNH:1
FNDA:1,(anonymous_0)
DA:3,1
DA:4,1
LF:2
LH:2
BRF:0
BRH:0
end_of_record
TN:
SF:src/Header/Header.tsx
FN:3,(anonymous_0)
FNF:1
FNH:1
FNDA:3,(anonymous_0)
DA:3,3
LF:1
LH:1
BRF:0
BRH:0
end_of_record
TN:
SF:src/Sidebar/Sidebar.tsx
FN:4,(anonymous_0)
FNF:1
FNH:1
FNDA:3,(anonymous_0)
DA:4,3
LF:1
LH:1
BRF:0
BRH:0
end_of_record
TN:
SF:src/WorkingPanel/WorkingPanel.tsx
FN:3,(anonymous_0)
FNF:1
FNH:1
FNDA:3,(anonymous_0)
DA:3,3
LF:1
LH:1
BRF:0
BRH:0
end_of_record
